
  .   ____          _            __ _ _
 /\\ / ___'_ __ _ _(_)_ __  __ _ \ \ \ \
( ( )\___ | '_ | '_| | '_ \/ _` | \ \ \ \
 \\/  ___)| |_)| | | | | || (_| |  ) ) ) )
  '  |____| .__|_| |_|_| |_\__, | / / / /
 =========|_|==============|___/=/_/_/_/
 :: Spring Boot ::        (v2.2.6.RELEASE)

2020-05-12 05:40:17.642  INFO 9046 --- [           main] com.woncheol.restapi.RestapiApplication  : Starting RestapiApplication on ip-172-31-40-190 with PID 9046 (/home/AWSBackend/build/libs/restapi-0.0.1-SNAPSHOT.jar started by root in /home/AWSBackend/build/libs)
2020-05-12 05:40:17.648  INFO 9046 --- [           main] com.woncheol.restapi.RestapiApplication  : No active profile set, falling back to default profiles: default
2020-05-12 05:40:20.535  INFO 9046 --- [           main] o.s.b.w.embedded.tomcat.TomcatWebServer  : Tomcat initialized with port(s): 8080 (http)
2020-05-12 05:40:20.560  INFO 9046 --- [           main] o.apache.catalina.core.StandardService   : Starting service [Tomcat]
2020-05-12 05:40:20.561  INFO 9046 --- [           main] org.apache.catalina.core.StandardEngine  : Starting Servlet engine: [Apache Tomcat/9.0.33]
2020-05-12 05:40:20.722  INFO 9046 --- [           main] o.a.c.c.C.[Tomcat].[localhost].[/]       : Initializing Spring embedded WebApplicationContext
2020-05-12 05:40:20.722  INFO 9046 --- [           main] o.s.web.context.ContextLoader            : Root WebApplicationContext: initialization completed in 2957 ms
2020-05-12 05:40:22.785  INFO 9046 --- [           main] o.s.s.concurrent.ThreadPoolTaskExecutor  : Initializing ExecutorService 'applicationTaskExecutor'
2020-05-12 05:40:23.299  INFO 9046 --- [           main] o.apache.catalina.core.StandardService   : Stopping service [Tomcat]
2020-05-12 05:40:23.311  INFO 9046 --- [           main] ConditionEvaluationReportLoggingListener : 

Error starting ApplicationContext. To display the conditions report re-run your application with 'debug' enabled.
2020-05-12 05:40:23.315 ERROR 9046 --- [           main] o.s.b.d.LoggingFailureAnalysisReporter   : 

***************************
APPLICATION FAILED TO START
***************************

Description:

Web server failed to start. Port 8080 was already in use.

Action:

Identify and stop the process that's listening on port 8080 or configure this application to listen on another port.

2020-05-12 05:40:23.322  INFO 9046 --- [           main] o.s.s.concurrent.ThreadPoolTaskExecutor  : Shutting down ExecutorService 'applicationTaskExecutor'
